<?xml version="1.0" encoding="UTF-8"?>
<testsuite name="prototype_tasks.BoardTestSuite" tests="1" skipped="0" failures="1" errors="0" timestamp="2019-10-16T19:27:04" hostname="Dell-Komputer" time="0.206">
  <properties/>
  <testcase name="testToString" classname="prototype_tasks.BoardTestSuite" time="0.206">
    <failure message="java.lang.AssertionError: expected:&lt;3&gt; but was:&lt;2&gt;" type="java.lang.AssertionError">java.lang.AssertionError: expected:&lt;3&gt; but was:&lt;2&gt;
	at org.junit.Assert.fail(Assert.java:88)
	at org.junit.Assert.failNotEquals(Assert.java:834)
	at org.junit.Assert.assertEquals(Assert.java:645)
	at org.junit.Assert.assertEquals(Assert.java:631)
	at prototype_tasks.BoardTestSuite.testToString(BoardTestSuite.java:52)
	at sun.reflect.NativeMethodAccessorImpl.invoke0(Native Method)
	at sun.reflect.NativeMethodAccessorImpl.invoke(NativeMethodAccessorImpl.java:62)
	at sun.reflect.DelegatingMethodAccessorImpl.invoke(DelegatingMethodAccessorImpl.java:43)
	at java.lang.reflect.Method.invoke(Method.java:498)
	at org.junit.runners.model.FrameworkMethod$1.runReflectiveCall(FrameworkMethod.java:50)
	at org.junit.internal.runners.model.ReflectiveCallable.run(ReflectiveCallable.java:12)
	at org.junit.runners.model.FrameworkMethod.invokeExplosively(FrameworkMethod.java:47)
	at org.junit.internal.runners.statements.InvokeMethod.evaluate(InvokeMethod.java:17)
	at org.junit.runners.ParentRunner.runLeaf(ParentRunner.java:325)
	at org.junit.runners.BlockJUnit4ClassRunner.runChild(BlockJUnit4ClassRunner.java:78)
	at org.junit.runners.BlockJUnit4ClassRunner.runChild(BlockJUnit4ClassRunner.java:57)
	at org.junit.runners.ParentRunner$3.run(ParentRunner.java:290)
	at org.junit.runners.ParentRunner$1.schedule(ParentRunner.java:71)
	at org.junit.runners.ParentRunner.runChildren(ParentRunner.java:288)
	at org.junit.runners.ParentRunner.access$000(ParentRunner.java:58)
	at org.junit.runners.ParentRunner$2.evaluate(ParentRunner.java:268)
	at org.junit.runners.ParentRunner.run(ParentRunner.java:363)
	at org.gradle.api.internal.tasks.testing.junit.JUnitTestClassExecutor.runTestClass(JUnitTestClassExecutor.java:106)
	at org.gradle.api.internal.tasks.testing.junit.JUnitTestClassExecutor.execute(JUnitTestClassExecutor.java:58)
	at org.gradle.api.internal.tasks.testing.junit.JUnitTestClassExecutor.execute(JUnitTestClassExecutor.java:38)
	at org.gradle.api.internal.tasks.testing.junit.AbstractJUnitTestClassProcessor.processTestClass(AbstractJUnitTestClassProcessor.java:66)
	at org.gradle.api.internal.tasks.testing.SuiteTestClassProcessor.processTestClass(SuiteTestClassProcessor.java:51)
	at sun.reflect.NativeMethodAccessorImpl.invoke0(Native Method)
	at sun.reflect.NativeMethodAccessorImpl.invoke(NativeMethodAccessorImpl.java:62)
	at sun.reflect.DelegatingMethodAccessorImpl.invoke(DelegatingMethodAccessorImpl.java:43)
	at java.lang.reflect.Method.invoke(Method.java:498)
	at org.gradle.internal.dispatch.ReflectionDispatch.dispatch(ReflectionDispatch.java:35)
	at org.gradle.internal.dispatch.ReflectionDispatch.dispatch(ReflectionDispatch.java:24)
	at org.gradle.internal.dispatch.ContextClassLoaderDispatch.dispatch(ContextClassLoaderDispatch.java:32)
	at org.gradle.internal.dispatch.ProxyDispatchAdapter$DispatchingInvocationHandler.invoke(ProxyDispatchAdapter.java:93)
	at com.sun.proxy.$Proxy2.processTestClass(Unknown Source)
	at org.gradle.api.internal.tasks.testing.worker.TestWorker.processTestClass(TestWorker.java:117)
	at sun.reflect.NativeMethodAccessorImpl.invoke0(Native Method)
	at sun.reflect.NativeMethodAccessorImpl.invoke(NativeMethodAccessorImpl.java:62)
	at sun.reflect.DelegatingMethodAccessorImpl.invoke(DelegatingMethodAccessorImpl.java:43)
	at java.lang.reflect.Method.invoke(Method.java:498)
	at org.gradle.internal.dispatch.ReflectionDispatch.dispatch(ReflectionDispatch.java:35)
	at org.gradle.internal.dispatch.ReflectionDispatch.dispatch(ReflectionDispatch.java:24)
	at org.gradle.internal.remote.internal.hub.MessageHubBackedObjectConnection$DispatchWrapper.dispatch(MessageHubBackedObjectConnection.java:155)
	at org.gradle.internal.remote.internal.hub.MessageHubBackedObjectConnection$DispatchWrapper.dispatch(MessageHubBackedObjectConnection.java:137)
	at org.gradle.internal.remote.internal.hub.MessageHub$Handler.run(MessageHub.java:404)
	at org.gradle.internal.concurrent.ExecutorPolicy$CatchAndRecordFailures.onExecute(ExecutorPolicy.java:63)
	at org.gradle.internal.concurrent.ManagedExecutorImpl$1.run(ManagedExecutorImpl.java:46)
	at java.util.concurrent.ThreadPoolExecutor.runWorker(ThreadPoolExecutor.java:1149)
	at java.util.concurrent.ThreadPoolExecutor$Worker.run(ThreadPoolExecutor.java:624)
	at org.gradle.internal.concurrent.ThreadFactoryImpl$ManagedThreadRunnable.run(ThreadFactoryImpl.java:55)
	at java.lang.Thread.run(Thread.java:748)
</failure>
  </testcase>
  <system-out><![CDATA[Board [Project #1]
     List [To Do Tasks]
         Task [To Do Task number 1]
         Task [To Do Task number 2]
         Task [To Do Task number 3]
         Task [To Do Task number 4]
         Task [To Do Task number 5]
         Task [To Do Task number 6]
         Task [To Do Task number 7]
         Task [To Do Task number 8]
         Task [To Do Task number 9]
         Task [To Do Task number 10]
     List [Done Tasks]
         Task [Done Task1]
         Task [Done Task2]
         Task [Done Task3]
         Task [Done Task4]
         Task [Done Task5]
         Task [Done Task6]
         Task [Done Task7]
         Task [Done Task8]
         Task [Done Task9]
         Task [Done Task10]
     List [In Progress Tasks]
         Task [In Progress Tasks 1]
         Task [In Progress Tasks 2]
         Task [In Progress Tasks 3]
         Task [In Progress Tasks 4]
         Task [In Progress Tasks 5]
         Task [In Progress Tasks 6]
         Task [In Progress Tasks 7]
         Task [In Progress Tasks 8]
         Task [In Progress Tasks 9]
         Task [In Progress Tasks 10]

Board [Project #2]
     List [To Do Tasks]
         Task [To Do Task number 1]
         Task [To Do Task number 2]
         Task [To Do Task number 3]
         Task [To Do Task number 4]
         Task [To Do Task number 5]
         Task [To Do Task number 6]
         Task [To Do Task number 7]
         Task [To Do Task number 8]
         Task [To Do Task number 9]
         Task [To Do Task number 10]
     List [Done Tasks]
         Task [Done Task1]
         Task [Done Task2]
         Task [Done Task3]
         Task [Done Task4]
         Task [Done Task5]
         Task [Done Task6]
         Task [Done Task7]
         Task [Done Task8]
         Task [Done Task9]
         Task [Done Task10]
     List [In Progress Tasks]
         Task [In Progress Tasks 1]
         Task [In Progress Tasks 2]
         Task [In Progress Tasks 3]
         Task [In Progress Tasks 4]
         Task [In Progress Tasks 5]
         Task [In Progress Tasks 6]
         Task [In Progress Tasks 7]
         Task [In Progress Tasks 8]
         Task [In Progress Tasks 9]
         Task [In Progress Tasks 10]

]]></system-out>
  <system-err><![CDATA[]]></system-err>
</testsuite>
