<?xml version="1.0" encoding="UTF-8"?>
<testsuite name="builder_burger.BigBurgerTestSuite" tests="1" skipped="0" failures="0" errors="0" timestamp="2019-11-01T10:46:14" hostname="Dell-Komputer" time="0.026">
  <properties/>
  <testcase name="testBigBurgerNew" classname="builder_burger.BigBurgerTestSuite" time="0.026"/>
  <system-out><![CDATA[BigBurger{bun='Classic', burgerType='Millet groats', burgerDouble=false, sauce=[Mustard, Spicy tomatoes], ingredients=[Onion, Lettuce, Tomato, Cucumber, Capers]}
]]></system-out>
  <system-err><![CDATA[]]></system-err>
</testsuite>
